<?xml version="1.0" encoding="UTF-8"?>
<robot generator="Robot 5.0.1 (Python 3.10.7 on win32)" generated="20221025 22:59:31.549" rpa="false" schemaversion="3">
<suite id="s1" name="Test 008 009 010" source="c:\Users\DGautam\Desktop\Verkkokauppa-Test\test_cases\test_008_009_010.robot">
<kw name="Open URL" library="TEST_008_009_010_Keyword" type="SETUP">
<kw name="Open Browser" library="SeleniumLibrary">
<arg>${URL}</arg>
<arg>${BROWSER}</arg>
<doc>Opens a new browser instance to the optional ``url``.</doc>
<msg timestamp="20221025 22:59:31.818" level="INFO">Opening browser 'Chrome' to base url 'https://www.verkkokauppa.com/'.</msg>
<status status="PASS" starttime="20221025 22:59:31.818" endtime="20221025 22:59:34.385"/>
</kw>
<kw name="Maximize Browser Window" library="SeleniumLibrary">
<doc>Maximizes current browser window.</doc>
<status status="PASS" starttime="20221025 22:59:34.393" endtime="20221025 22:59:34.583"/>
</kw>
<kw name="Sleep" library="BuiltIn">
<arg>2s</arg>
<doc>Pauses the test executed for the given time.</doc>
<msg timestamp="20221025 22:59:36.595" level="INFO">Slept 2 seconds</msg>
<status status="PASS" starttime="20221025 22:59:34.583" endtime="20221025 22:59:36.595"/>
</kw>
<status status="PASS" starttime="20221025 22:59:31.818" endtime="20221025 22:59:36.595"/>
</kw>
<test id="s1-t1" name="Registered user must be able to login with correct username and password" line="14">
<kw name="Click Allow cookies" library="TEST_008_009_010_Keyword">
<kw name="Click Button" library="SeleniumLibrary">
<arg>${btn_accept_cookies}</arg>
<doc>Clicks the button identified by ``locator``.</doc>
<msg timestamp="20221025 22:59:36.595" level="INFO">Clicking button 'id:allow-cookies'.</msg>
<status status="PASS" starttime="20221025 22:59:36.595" endtime="20221025 22:59:36.755"/>
</kw>
<status status="PASS" starttime="20221025 22:59:36.595" endtime="20221025 22:59:36.755"/>
</kw>
<kw name="Click Navbar Login Button" library="TEST_008_009_010_Keyword">
<kw name="Click Element" library="SeleniumLibrary">
<arg>${btn_login}</arg>
<doc>Click the element identified by ``locator``.</doc>
<msg timestamp="20221025 22:59:36.755" level="INFO">Clicking element 'xpath:/html/body/div[1]/div/header/div[1]/nav/div/span[1]/span[1]'.</msg>
<status status="PASS" starttime="20221025 22:59:36.755" endtime="20221025 22:59:36.963"/>
</kw>
<kw name="Sleep" library="BuiltIn">
<arg>2s</arg>
<doc>Pauses the test executed for the given time.</doc>
<msg timestamp="20221025 22:59:38.970" level="INFO">Slept 2 seconds</msg>
<status status="PASS" starttime="20221025 22:59:36.963" endtime="20221025 22:59:38.970"/>
</kw>
<status status="PASS" starttime="20221025 22:59:36.755" endtime="20221025 22:59:38.970"/>
</kw>
<kw name="Enter Email And Password" library="TEST_008_009_010_Keyword">
<arg>${user_email}</arg>
<arg>${user_password}</arg>
<kw name="Input Text" library="SeleniumLibrary">
<arg>${txt_login_email}</arg>
<arg>${user_email}</arg>
<doc>Types the given ``text`` into the text field identified by ``locator``.</doc>
<msg timestamp="20221025 22:59:38.970" level="INFO">Typing text 'pacmann@email.com' into text field 'id:login-form-email-modal'.</msg>
<status status="PASS" starttime="20221025 22:59:38.970" endtime="20221025 22:59:39.114"/>
</kw>
<kw name="Input Password" library="SeleniumLibrary">
<arg>${pwd_login_password}</arg>
<arg>${user_password}</arg>
<doc>Types the given password into the text field identified by ``locator``.</doc>
<msg timestamp="20221025 22:59:39.114" level="INFO">Typing password into text field 'id:login-form-password-modal'.</msg>
<msg timestamp="20221025 22:59:39.146" level="INFO">Temporally setting log level to: NONE</msg>
<msg timestamp="20221025 22:59:39.222" level="INFO">Log level changed from NONE to INFO.</msg>
<status status="PASS" starttime="20221025 22:59:39.114" endtime="20221025 22:59:39.222"/>
</kw>
<status status="PASS" starttime="20221025 22:59:38.970" endtime="20221025 22:59:39.222"/>
</kw>
<kw name="Click Login" library="TEST_008_009_010_Keyword">
<kw name="Click Element" library="SeleniumLibrary">
<arg>${submit_login_btn}</arg>
<doc>Click the element identified by ``locator``.</doc>
<msg timestamp="20221025 22:59:39.222" level="INFO">Clicking element 'id:login-button-modal'.</msg>
<status status="PASS" starttime="20221025 22:59:39.222" endtime="20221025 22:59:39.318"/>
</kw>
<kw name="Sleep" library="BuiltIn">
<arg>2s</arg>
<doc>Pauses the test executed for the given time.</doc>
<msg timestamp="20221025 22:59:41.332" level="INFO">Slept 2 seconds</msg>
<status status="PASS" starttime="20221025 22:59:39.318" endtime="20221025 22:59:41.332"/>
</kw>
<status status="PASS" starttime="20221025 22:59:39.222" endtime="20221025 22:59:41.332"/>
</kw>
<kw name="Check User Is LoggedIn" library="TEST_008_009_010_Keyword">
<arg>${fname}</arg>
<kw name="Element Should Contain" library="SeleniumLibrary">
<arg>${user_info}</arg>
<arg>Hei, ${fname}!</arg>
<doc>Verifies that element ``locator`` contains text ``expected``.</doc>
<msg timestamp="20221025 22:59:41.347" level="INFO">Element 'xpath://*[@id="account"]' contains text 'Hei, group!'.</msg>
<status status="PASS" starttime="20221025 22:59:41.332" endtime="20221025 22:59:41.347"/>
</kw>
<status status="PASS" starttime="20221025 22:59:41.332" endtime="20221025 22:59:41.347"/>
</kw>
<tag>user_login</tag>
<status status="PASS" starttime="20221025 22:59:36.595" endtime="20221025 22:59:41.347"/>
</test>
<test id="s1-t2" name="Authenciated user must be able to add products into favourites" line="22">
<kw name="Select Products And Click On Favourite Icon On Product Card" library="TEST_008_009_010_Keyword">
<kw name="Click Button" library="SeleniumLibrary">
<arg>${product_one_fav_icon}</arg>
<doc>Clicks the button identified by ``locator``.</doc>
<msg timestamp="20221025 22:59:41.363" level="INFO">Clicking button 'xpath://*[@id="main"]/div/div[2]/div/div/ol/li[1]/div/button'.</msg>
<status status="PASS" starttime="20221025 22:59:41.363" endtime="20221025 22:59:41.731"/>
</kw>
<kw name="Click Button" library="SeleniumLibrary">
<arg>${product_two_fav_icon}</arg>
<doc>Clicks the button identified by ``locator``.</doc>
<msg timestamp="20221025 22:59:41.731" level="INFO">Clicking button 'xpath://*[@id="main"]/div/div[2]/div/div/ol/li[2]/div/button'.</msg>
<status status="PASS" starttime="20221025 22:59:41.731" endtime="20221025 22:59:41.907"/>
</kw>
<kw name="Get Element Attribute" library="SeleniumLibrary">
<var>${product_one}</var>
<arg>${product_one_link}</arg>
<arg>title</arg>
<doc>Returns the value of ``attribute`` from the element ``locator``.</doc>
<msg timestamp="20221025 22:59:41.948" level="INFO">${product_one} = NHL 23 -peli, PS4</msg>
<status status="PASS" starttime="20221025 22:59:41.907" endtime="20221025 22:59:41.948"/>
</kw>
<kw name="Get Element Attribute" library="SeleniumLibrary">
<var>${product_two}</var>
<arg>${product_two_link}</arg>
<arg>title</arg>
<doc>Returns the value of ``attribute`` from the element ``locator``.</doc>
<msg timestamp="20221025 22:59:41.972" level="INFO">${product_two} = NHL 23 -peli, PS5</msg>
<status status="PASS" starttime="20221025 22:59:41.948" endtime="20221025 22:59:41.972"/>
</kw>
<kw name="Set Global Variable" library="BuiltIn">
<arg>${product_one}</arg>
<doc>Makes a variable available globally in all tests and suites.</doc>
<msg timestamp="20221025 22:59:41.972" level="INFO">${product_one} = NHL 23 -peli, PS4</msg>
<status status="PASS" starttime="20221025 22:59:41.972" endtime="20221025 22:59:41.972"/>
</kw>
<kw name="Set Global Variable" library="BuiltIn">
<arg>${product_two}</arg>
<doc>Makes a variable available globally in all tests and suites.</doc>
<msg timestamp="20221025 22:59:41.972" level="INFO">${product_two} = NHL 23 -peli, PS5</msg>
<status status="PASS" starttime="20221025 22:59:41.972" endtime="20221025 22:59:41.972"/>
</kw>
<status status="PASS" starttime="20221025 22:59:41.347" endtime="20221025 22:59:41.972"/>
</kw>
<kw name="Click On Favourites Button On Navbar" library="TEST_008_009_010_Keyword">
<kw name="Click Element" library="SeleniumLibrary">
<arg>${fav_icon_navbar}</arg>
<doc>Click the element identified by ``locator``.</doc>
<msg timestamp="20221025 22:59:41.972" level="INFO">Clicking element 'xpath://*[@id="favorites"]'.</msg>
<status status="PASS" starttime="20221025 22:59:41.972" endtime="20221025 22:59:42.076"/>
</kw>
<kw name="Sleep" library="BuiltIn">
<arg>2s</arg>
<doc>Pauses the test executed for the given time.</doc>
<msg timestamp="20221025 22:59:44.079" level="INFO">Slept 2 seconds</msg>
<status status="PASS" starttime="20221025 22:59:42.076" endtime="20221025 22:59:44.079"/>
</kw>
<kw name="Location Should Be" library="SeleniumLibrary">
<arg>https://www.verkkokauppa.com/fi/favorites</arg>
<doc>Verifies that the current URL is exactly ``url``.</doc>
<msg timestamp="20221025 22:59:44.079" level="INFO">Current location is 'https://www.verkkokauppa.com/fi/favorites'.</msg>
<status status="PASS" starttime="20221025 22:59:44.079" endtime="20221025 22:59:44.079"/>
</kw>
<status status="PASS" starttime="20221025 22:59:41.972" endtime="20221025 22:59:44.079"/>
</kw>
<kw name="Check The Product Added To Favourites Matches The Product On Favourite Page" library="TEST_008_009_010_Keyword">
<kw name="Element Should Contain" library="SeleniumLibrary">
<arg>${product_one_info}</arg>
<arg>${product_one}</arg>
<doc>Verifies that element ``locator`` contains text ``expected``.</doc>
<msg timestamp="20221025 22:59:44.111" level="INFO">Element 'xpath://*[@id="app"]/div/div/div/main/div/div/div/div[1]/span/a' contains text 'NHL 23 -peli, PS4'.</msg>
<status status="PASS" starttime="20221025 22:59:44.087" endtime="20221025 22:59:44.111"/>
</kw>
<kw name="Element Should Contain" library="SeleniumLibrary">
<arg>${product_two_info}</arg>
<arg>${product_two}</arg>
<doc>Verifies that element ``locator`` contains text ``expected``.</doc>
<msg timestamp="20221025 22:59:44.142" level="INFO">Element '//*[@id="app"]/div/div/div/main/div/div/div[2]/div[1]/span/a' contains text 'NHL 23 -peli, PS5'.</msg>
<status status="PASS" starttime="20221025 22:59:44.111" endtime="20221025 22:59:44.142"/>
</kw>
<status status="PASS" starttime="20221025 22:59:44.087" endtime="20221025 22:59:44.142"/>
</kw>
<tag>add_to_fav</tag>
<status status="PASS" starttime="20221025 22:59:41.347" endtime="20221025 22:59:44.142"/>
</test>
<test id="s1-t3" name="Authenciated user must be able to logout from their account" line="28">
<kw name="Click User Account Menu Navbar" library="TEST_008_009_010_Keyword">
<kw name="Click Element" library="SeleniumLibrary">
<arg>${logout_section}</arg>
<doc>Click the element identified by ``locator``.</doc>
<msg timestamp="20221025 22:59:44.142" level="INFO">Clicking element 'xpath:/html/body/div[1]/div/header/div/nav/div/span[1]'.</msg>
<status status="PASS" starttime="20221025 22:59:44.142" endtime="20221025 22:59:44.209"/>
</kw>
<kw name="Sleep" library="BuiltIn">
<arg>2s</arg>
<doc>Pauses the test executed for the given time.</doc>
<msg timestamp="20221025 22:59:46.219" level="INFO">Slept 2 seconds</msg>
<status status="PASS" starttime="20221025 22:59:44.209" endtime="20221025 22:59:46.219"/>
</kw>
<status status="PASS" starttime="20221025 22:59:44.142" endtime="20221025 22:59:46.219"/>
</kw>
<kw name="Click Logout" library="TEST_008_009_010_Keyword">
<kw name="Click Element" library="SeleniumLibrary">
<arg>${logout_icon}</arg>
<doc>Click the element identified by ``locator``.</doc>
<msg timestamp="20221025 22:59:46.219" level="INFO">Clicking element 'xpath:/html/body/div[1]/div/div/div/main/div[1]/div/span'.</msg>
<msg timestamp="20221025 22:59:46.395" level="INFO" html="true">&lt;/td&gt;&lt;/tr&gt;&lt;tr&gt;&lt;td colspan="3"&gt;&lt;a href="selenium-screenshot-13.png"&gt;&lt;img src="selenium-screenshot-13.png" width="800px"&gt;&lt;/a&gt;</msg>
<msg timestamp="20221025 22:59:46.410" level="FAIL">Element with locator 'xpath:/html/body/div[1]/div/div/div/main/div[1]/div/span' not found.</msg>
<status status="FAIL" starttime="20221025 22:59:46.219" endtime="20221025 22:59:46.410"/>
</kw>
<status status="FAIL" starttime="20221025 22:59:46.219" endtime="20221025 22:59:46.410"/>
</kw>
<tag>user_logout</tag>
<status status="FAIL" starttime="20221025 22:59:44.142" endtime="20221025 22:59:46.410">Element with locator 'xpath:/html/body/div[1]/div/div/div/main/div[1]/div/span' not found.</status>
</test>
<status status="FAIL" starttime="20221025 22:59:31.549" endtime="20221025 22:59:46.410"/>
</suite>
<statistics>
<total>
<stat pass="2" fail="1" skip="0">All Tests</stat>
</total>
<tag>
<stat pass="1" fail="0" skip="0">add_to_fav</stat>
<stat pass="1" fail="0" skip="0">user_login</stat>
<stat pass="0" fail="1" skip="0">user_logout</stat>
</tag>
<suite>
<stat pass="2" fail="1" skip="0" id="s1" name="Test 008 009 010">Test 008 009 010</stat>
</suite>
</statistics>
<errors>
</errors>
</robot>
