<?xml version="1.0" encoding="UTF-8"?>
<robot generator="Robot 5.0.1 (Python 3.10.6 on win32)" generated="20221025 19:14:16.365" rpa="false" schemaversion="3">
<suite id="s1" name="TEST 008" source="C:\Users\kh_sr\OneDrive\Desktop\my\verkkokauppa.com-Testing-Robot-Selenium\test_cases\TEST_008.robot">
<kw name="open URL" library="TEST_008_Keywords" type="SETUP">
<kw name="Open Browser" library="SeleniumLibrary">
<arg>${URL}</arg>
<arg>${BROWSER}</arg>
<doc>Opens a new browser instance to the optional ``url``.</doc>
<msg timestamp="20221025 19:14:16.594" level="INFO">Opening browser 'Chrome' to base url 'https://www.verkkokauppa.com/'.</msg>
<status status="PASS" starttime="20221025 19:14:16.594" endtime="20221025 19:14:19.250"/>
</kw>
<kw name="Maximize Browser Window" library="SeleniumLibrary">
<doc>Maximizes current browser window.</doc>
<status status="PASS" starttime="20221025 19:14:19.250" endtime="20221025 19:14:19.369"/>
</kw>
<kw name="Sleep" library="BuiltIn">
<arg>2s</arg>
<doc>Pauses the test executed for the given time.</doc>
<msg timestamp="20221025 19:14:21.376" level="INFO">Slept 2 seconds</msg>
<status status="PASS" starttime="20221025 19:14:19.369" endtime="20221025 19:14:21.376"/>
</kw>
<status status="PASS" starttime="20221025 19:14:16.594" endtime="20221025 19:14:21.376"/>
</kw>
<test id="s1-t1" name="User is able to signing in" line="11">
<kw name="Click Allow cookies" library="TEST_008_Keywords">
<kw name="Click Button" library="SeleniumLibrary">
<arg>${btn_accept_cookies}</arg>
<doc>Clicks the button identified by ``locator``.</doc>
<msg timestamp="20221025 19:14:21.379" level="INFO">Clicking button 'id:allow-cookies'.</msg>
<status status="PASS" starttime="20221025 19:14:21.378" endtime="20221025 19:14:21.531"/>
</kw>
<status status="PASS" starttime="20221025 19:14:21.378" endtime="20221025 19:14:21.532"/>
</kw>
<kw name="Click Navbar Login Button" library="TEST_008_Keywords">
<kw name="Click Element" library="SeleniumLibrary">
<arg>${btn_login}</arg>
<doc>Click the element identified by ``locator``.</doc>
<msg timestamp="20221025 19:14:21.534" level="FAIL">Variable '${btn_login}' not found.</msg>
<status status="FAIL" starttime="20221025 19:14:21.532" endtime="20221025 19:14:21.534"/>
</kw>
<kw name="Sleep" library="BuiltIn">
<arg>2s</arg>
<doc>Pauses the test executed for the given time.</doc>
<status status="NOT RUN" starttime="20221025 19:14:21.534" endtime="20221025 19:14:21.534"/>
</kw>
<status status="FAIL" starttime="20221025 19:14:21.532" endtime="20221025 19:14:21.534"/>
</kw>
<kw name="Filling Up the account" library="TEST_008_Keywords">
<arg>${email}</arg>
<arg>${password}</arg>
<status status="NOT RUN" starttime="20221025 19:14:21.535" endtime="20221025 19:14:21.535"/>
</kw>
<kw name="Logging" library="TEST_008_Keywords">
<status status="NOT RUN" starttime="20221025 19:14:21.535" endtime="20221025 19:14:21.535"/>
</kw>
<tag>sign_in_user</tag>
<status status="FAIL" starttime="20221025 19:14:21.377" endtime="20221025 19:14:21.536">Variable '${btn_login}' not found.</status>
</test>
<test id="s1-t2" name="user is able to logged out" line="17">
<kw name="Logging out" library="TEST_008_Keywords">
<kw name="Click Element" library="SeleniumLibrary">
<arg>${logout_user}</arg>
<doc>Click the element identified by ``locator``.</doc>
<msg timestamp="20221025 19:14:21.539" level="FAIL">Variable '${logout_user}' not found.</msg>
<status status="FAIL" starttime="20221025 19:14:21.538" endtime="20221025 19:14:21.539"/>
</kw>
<status status="FAIL" starttime="20221025 19:14:21.538" endtime="20221025 19:14:21.539"/>
</kw>
<status status="FAIL" starttime="20221025 19:14:21.537" endtime="20221025 19:14:21.540">Variable '${logout_user}' not found.</status>
</test>
<status status="FAIL" starttime="20221025 19:14:16.367" endtime="20221025 19:14:21.542"/>
</suite>
<statistics>
<total>
<stat pass="0" fail="2" skip="0">All Tests</stat>
</total>
<tag>
<stat pass="0" fail="1" skip="0">sign_in_user</stat>
</tag>
<suite>
<stat pass="0" fail="2" skip="0" id="s1" name="TEST 008">TEST 008</stat>
</suite>
</statistics>
<errors>
<msg timestamp="20221025 19:14:16.589" level="ERROR">Error in file 'C:\Users\kh_sr\OneDrive\Desktop\my\verkkokauppa.com-Testing-Robot-Selenium\resources\TEST_008_Keywords.robot' on line 3: Variable file '..\pages_objects\login_locator.py' does not exist.</msg>
</errors>
</robot>
